Performing C SOURCE FILE Test check_mstack_protector_guard_global_C__nostartfiles__nostdlib__isystem___opt_toolchains_zephyr_sdk_0_16_8_xtensa_espressif_esp32s3_zephyr_elf_bin____lib_gcc_xtensa_espressif_esp32s3_zephyr_elf_12_2_0_include___isystem___opt_toolchains_zephyr_sdk_0_16_8_xtensa_espressif_esp32s3_zephyr_elf_bin____lib_gcc_xtensa_espressif_esp32s3_zephyr_elf_12_2_0_include_fixed___Wl___unresolved_symbols_ignore_in_object_files__Wl___entry_0__fuse_ld_bfd failed with the following output:
Change Dir: /workspace/apps/multiple_esp_comm/build/CMakeFiles/CMakeScratch/TryCompile-n74fzz

Run Build Command(s):/usr/bin/gmake -f Makefile cmTC_d3288/fast && /usr/bin/gmake  -f CMakeFiles/cmTC_d3288.dir/build.make CMakeFiles/cmTC_d3288.dir/build
gmake[1]: Entering directory '/workspace/apps/multiple_esp_comm/build/CMakeFiles/CMakeScratch/TryCompile-n74fzz'
Building C object CMakeFiles/cmTC_d3288.dir/src.c.obj
/opt/toolchains/zephyr-sdk-0.16.8/xtensa-espressif_esp32s3_zephyr-elf/bin/xtensa-espressif_esp32s3_zephyr-elf-gcc -Dcheck_mstack_protector_guard_global_C__nostartfiles__nostdlib__isystem___opt_toolchains_zephyr_sdk_0_16_8_xtensa_espressif_esp32s3_zephyr_elf_bin____lib_gcc_xtensa_espressif_esp32s3_zephyr_elf_12_2_0_include___isystem___opt_toolchains_zephyr_sdk_0_16_8_xtensa_espressif_esp32s3_zephyr_elf_bin____lib_gcc_xtensa_espressif_esp32s3_zephyr_elf_12_2_0_include_fixed___Wl___unresolved_symbols_ignore_in_object_files__Wl___entry_0__fuse_ld_bfd  -nostartfiles -nostdlib -isystem "/opt/toolchains/zephyr-sdk-0.16.8/xtensa-espressif_esp32s3_zephyr-elf/bin/../lib/gcc/xtensa-espressif_esp32s3_zephyr-elf/12.2.0/include" -isystem "/opt/toolchains/zephyr-sdk-0.16.8/xtensa-espressif_esp32s3_zephyr-elf/bin/../lib/gcc/xtensa-espressif_esp32s3_zephyr-elf/12.2.0/include-fixed" -Wl,--unresolved-symbols=ignore-in-object-files -Wl,--entry=0 -fuse-ld=bfd   -mstack-protector-guard=global -o CMakeFiles/cmTC_d3288.dir/src.c.obj -c /workspace/apps/multiple_esp_comm/build/CMakeFiles/CMakeScratch/TryCompile-n74fzz/src.c
xtensa-espressif_esp32s3_zephyr-elf-gcc: error: unrecognized command-line option '-mstack-protector-guard=global'; did you mean '-fstack-protector-all'?
gmake[1]: *** [CMakeFiles/cmTC_d3288.dir/build.make:78: CMakeFiles/cmTC_d3288.dir/src.c.obj] Error 1
gmake[1]: Leaving directory '/workspace/apps/multiple_esp_comm/build/CMakeFiles/CMakeScratch/TryCompile-n74fzz'
gmake: *** [Makefile:127: cmTC_d3288/fast] Error 2


Source file was:
int main(void) { return 0; }

Performing C SOURCE FILE Test check_C__nostartfiles__nostdlib__isystem___opt_toolchains_zephyr_sdk_0_16_8_xtensa_espressif_esp32s3_zephyr_elf_bin____lib_gcc_xtensa_espressif_esp32s3_zephyr_elf_12_2_0_include___isystem___opt_toolchains_zephyr_sdk_0_16_8_xtensa_espressif_esp32s3_zephyr_elf_bin____lib_gcc_xtensa_espressif_esp32s3_zephyr_elf_12_2_0_include_fixed___Wl___unresolved_symbols_ignore_in_object_files__Wl___entry_0__fuse_ld_bfd__Wl___orphan_handling_error failed with the following output:
Change Dir: /workspace/apps/multiple_esp_comm/build/CMakeFiles/CMakeScratch/TryCompile-rJLmiI

Run Build Command(s):/usr/bin/gmake -f Makefile cmTC_f4965/fast && /usr/bin/gmake  -f CMakeFiles/cmTC_f4965.dir/build.make CMakeFiles/cmTC_f4965.dir/build
gmake[1]: Entering directory '/workspace/apps/multiple_esp_comm/build/CMakeFiles/CMakeScratch/TryCompile-rJLmiI'
Building C object CMakeFiles/cmTC_f4965.dir/src.c.obj
/opt/toolchains/zephyr-sdk-0.16.8/xtensa-espressif_esp32s3_zephyr-elf/bin/xtensa-espressif_esp32s3_zephyr-elf-gcc -Dcheck_C__nostartfiles__nostdlib__isystem___opt_toolchains_zephyr_sdk_0_16_8_xtensa_espressif_esp32s3_zephyr_elf_bin____lib_gcc_xtensa_espressif_esp32s3_zephyr_elf_12_2_0_include___isystem___opt_toolchains_zephyr_sdk_0_16_8_xtensa_espressif_esp32s3_zephyr_elf_bin____lib_gcc_xtensa_espressif_esp32s3_zephyr_elf_12_2_0_include_fixed___Wl___unresolved_symbols_ignore_in_object_files__Wl___entry_0__fuse_ld_bfd__Wl___orphan_handling_error  -nostartfiles -nostdlib -isystem "/opt/toolchains/zephyr-sdk-0.16.8/xtensa-espressif_esp32s3_zephyr-elf/bin/../lib/gcc/xtensa-espressif_esp32s3_zephyr-elf/12.2.0/include" -isystem "/opt/toolchains/zephyr-sdk-0.16.8/xtensa-espressif_esp32s3_zephyr-elf/bin/../lib/gcc/xtensa-espressif_esp32s3_zephyr-elf/12.2.0/include-fixed" -Wl,--unresolved-symbols=ignore-in-object-files -Wl,--entry=0 -fuse-ld=bfd -Wl,--orphan-handling=error -o CMakeFiles/cmTC_f4965.dir/src.c.obj -c /workspace/apps/multiple_esp_comm/build/CMakeFiles/CMakeScratch/TryCompile-rJLmiI/src.c
Linking C executable cmTC_f4965
/usr/bin/cmake -E cmake_link_script CMakeFiles/cmTC_f4965.dir/link.txt --verbose=1
/opt/toolchains/zephyr-sdk-0.16.8/xtensa-espressif_esp32s3_zephyr-elf/bin/xtensa-espressif_esp32s3_zephyr-elf-gcc  -nostartfiles -nostdlib -isystem "/opt/toolchains/zephyr-sdk-0.16.8/xtensa-espressif_esp32s3_zephyr-elf/bin/../lib/gcc/xtensa-espressif_esp32s3_zephyr-elf/12.2.0/include" -isystem "/opt/toolchains/zephyr-sdk-0.16.8/xtensa-espressif_esp32s3_zephyr-elf/bin/../lib/gcc/xtensa-espressif_esp32s3_zephyr-elf/12.2.0/include-fixed" -Wl,--unresolved-symbols=ignore-in-object-files -Wl,--entry=0 -fuse-ld=bfd -Wl,--orphan-handling=error CMakeFiles/cmTC_f4965.dir/src.c.obj -o cmTC_f4965 
/opt/toolchains/zephyr-sdk-0.16.8/xtensa-espressif_esp32s3_zephyr-elf/bin/../lib/gcc/xtensa-espressif_esp32s3_zephyr-elf/12.2.0/../../../../xtensa-espressif_esp32s3_zephyr-elf/bin/ld.bfd: error: unplaced orphan section `.xtensa.info' from `CMakeFiles/cmTC_f4965.dir/src.c.obj'
collect2: error: ld returned 1 exit status
gmake[1]: *** [CMakeFiles/cmTC_f4965.dir/build.make:99: cmTC_f4965] Error 1
gmake[1]: Leaving directory '/workspace/apps/multiple_esp_comm/build/CMakeFiles/CMakeScratch/TryCompile-rJLmiI'
gmake: *** [Makefile:127: cmTC_f4965/fast] Error 2


Source file was:
int main(void) { return 0; }

Performing C SOURCE FILE Test check_C__nostartfiles__nostdlib__isystem___opt_toolchains_zephyr_sdk_0_16_8_xtensa_espressif_esp32s3_zephyr_elf_bin____lib_gcc_xtensa_espressif_esp32s3_zephyr_elf_12_2_0_include___isystem___opt_toolchains_zephyr_sdk_0_16_8_xtensa_espressif_esp32s3_zephyr_elf_bin____lib_gcc_xtensa_espressif_esp32s3_zephyr_elf_12_2_0_include_fixed___Wl___unresolved_symbols_ignore_in_object_files__Wl___entry_0__fuse_ld_bfd__pg failed with the following output:
Change Dir: /workspace/apps/multiple_esp_comm/build/CMakeFiles/CMakeScratch/TryCompile-4RooPp

Run Build Command(s):/usr/bin/gmake -f Makefile cmTC_af4c4/fast && /usr/bin/gmake  -f CMakeFiles/cmTC_af4c4.dir/build.make CMakeFiles/cmTC_af4c4.dir/build
gmake[1]: Entering directory '/workspace/apps/multiple_esp_comm/build/CMakeFiles/CMakeScratch/TryCompile-4RooPp'
Building C object CMakeFiles/cmTC_af4c4.dir/src.c.obj
/opt/toolchains/zephyr-sdk-0.16.8/xtensa-espressif_esp32s3_zephyr-elf/bin/xtensa-espressif_esp32s3_zephyr-elf-gcc -Dcheck_C__nostartfiles__nostdlib__isystem___opt_toolchains_zephyr_sdk_0_16_8_xtensa_espressif_esp32s3_zephyr_elf_bin____lib_gcc_xtensa_espressif_esp32s3_zephyr_elf_12_2_0_include___isystem___opt_toolchains_zephyr_sdk_0_16_8_xtensa_espressif_esp32s3_zephyr_elf_bin____lib_gcc_xtensa_espressif_esp32s3_zephyr_elf_12_2_0_include_fixed___Wl___unresolved_symbols_ignore_in_object_files__Wl___entry_0__fuse_ld_bfd__pg  -nostartfiles -nostdlib -isystem "/opt/toolchains/zephyr-sdk-0.16.8/xtensa-espressif_esp32s3_zephyr-elf/bin/../lib/gcc/xtensa-espressif_esp32s3_zephyr-elf/12.2.0/include" -isystem "/opt/toolchains/zephyr-sdk-0.16.8/xtensa-espressif_esp32s3_zephyr-elf/bin/../lib/gcc/xtensa-espressif_esp32s3_zephyr-elf/12.2.0/include-fixed" -Wl,--unresolved-symbols=ignore-in-object-files -Wl,--entry=0 -fuse-ld=bfd -pg -o CMakeFiles/cmTC_af4c4.dir/src.c.obj -c /workspace/apps/multiple_esp_comm/build/CMakeFiles/CMakeScratch/TryCompile-4RooPp/src.c
Linking C executable cmTC_af4c4
/usr/bin/cmake -E cmake_link_script CMakeFiles/cmTC_af4c4.dir/link.txt --verbose=1
/opt/toolchains/zephyr-sdk-0.16.8/xtensa-espressif_esp32s3_zephyr-elf/bin/xtensa-espressif_esp32s3_zephyr-elf-gcc  -nostartfiles -nostdlib -isystem "/opt/toolchains/zephyr-sdk-0.16.8/xtensa-espressif_esp32s3_zephyr-elf/bin/../lib/gcc/xtensa-espressif_esp32s3_zephyr-elf/12.2.0/include" -isystem "/opt/toolchains/zephyr-sdk-0.16.8/xtensa-espressif_esp32s3_zephyr-elf/bin/../lib/gcc/xtensa-espressif_esp32s3_zephyr-elf/12.2.0/include-fixed" -Wl,--unresolved-symbols=ignore-in-object-files -Wl,--entry=0 -fuse-ld=bfd -pg CMakeFiles/cmTC_af4c4.dir/src.c.obj -o cmTC_af4c4 
CMakeFiles/cmTC_af4c4.dir/src.c.obj: in function `main':
src.c:(.text+0x7): dangerous relocation: call8: call target out of range: _mcount
collect2: error: ld returned 1 exit status
gmake[1]: *** [CMakeFiles/cmTC_af4c4.dir/build.make:99: cmTC_af4c4] Error 1
gmake[1]: Leaving directory '/workspace/apps/multiple_esp_comm/build/CMakeFiles/CMakeScratch/TryCompile-4RooPp'
gmake: *** [Makefile:127: cmTC_af4c4/fast] Error 2


Source file was:
int main(void) { return 0; }

